{"type":"server-started","port":63375,"host":"127.0.0.1","url_host":"localhost","url":"http://localhost:63375","screen_dir":"/Users/muratzhandaurov/Desktop/PRJOECTS/Nexvora/nexvora-wesbite/nexvora-website/.superpowers/brainstorm/46925-1775574416/content","state_dir":"/Users/muratzhandaurov/Desktop/PRJOECTS/Nexvora/nexvora-wesbite/nexvora-website/.superpowers/brainstorm/46925-1775574416/state"}
{"type":"screen-added","file":"/Users/muratzhandaurov/Desktop/PRJOECTS/Nexvora/nexvora-wesbite/nexvora-website/.superpowers/brainstorm/46925-1775574416/content/report-delivery.html"}
{"type":"screen-updated","file":"/Users/muratzhandaurov/Desktop/PRJOECTS/Nexvora/nexvora-wesbite/nexvora-website/.superpowers/brainstorm/46925-1775574416/content/report-delivery.html"}
{"type":"screen-updated","file":"/Users/muratzhandaurov/Desktop/PRJOECTS/Nexvora/nexvora-wesbite/nexvora-website/.superpowers/brainstorm/46925-1775574416/content/report-delivery.html"}
{"type":"screen-updated","file":"/Users/muratzhandaurov/Desktop/PRJOECTS/Nexvora/nexvora-wesbite/nexvora-website/.superpowers/brainstorm/46925-1775574416/content/report-delivery.html"}
{"type":"screen-added","file":"/Users/muratzhandaurov/Desktop/PRJOECTS/Nexvora/nexvora-wesbite/nexvora-website/.superpowers/brainstorm/46925-1775574416/content/industries.html"}
{"type":"screen-updated","file":"/Users/muratzhandaurov/Desktop/PRJOECTS/Nexvora/nexvora-wesbite/nexvora-website/.superpowers/brainstorm/46925-1775574416/content/industries.html"}
{"type":"screen-updated","file":"/Users/muratzhandaurov/Desktop/PRJOECTS/Nexvora/nexvora-wesbite/nexvora-website/.superpowers/brainstorm/46925-1775574416/content/industries.html"}
{"type":"screen-added","file":"/Users/muratzhandaurov/Desktop/PRJOECTS/Nexvora/nexvora-wesbite/nexvora-website/.superpowers/brainstorm/46925-1775574416/content/questions-design.html"}
{"type":"screen-updated","file":"/Users/muratzhandaurov/Desktop/PRJOECTS/Nexvora/nexvora-wesbite/nexvora-website/.superpowers/brainstorm/46925-1775574416/content/questions-design.html"}
{"type":"screen-updated","file":"/Users/muratzhandaurov/Desktop/PRJOECTS/Nexvora/nexvora-wesbite/nexvora-website/.superpowers/brainstorm/46925-1775574416/content/questions-design.html"}
{"type":"screen-updated","file":"/Users/muratzhandaurov/Desktop/PRJOECTS/Nexvora/nexvora-wesbite/nexvora-website/.superpowers/brainstorm/46925-1775574416/content/questions-design.html"}
{"type":"screen-updated","file":"/Users/muratzhandaurov/Desktop/PRJOECTS/Nexvora/nexvora-wesbite/nexvora-website/.superpowers/brainstorm/46925-1775574416/content/questions-design.html"}
{"type":"screen-added","file":"/Users/muratzhandaurov/Desktop/PRJOECTS/Nexvora/nexvora-wesbite/nexvora-website/.superpowers/brainstorm/46925-1775574416/content/report-layout.html"}
{"type":"screen-updated","file":"/Users/muratzhandaurov/Desktop/PRJOECTS/Nexvora/nexvora-wesbite/nexvora-website/.superpowers/brainstorm/46925-1775574416/content/report-layout.html"}
{"type":"screen-updated","file":"/Users/muratzhandaurov/Desktop/PRJOECTS/Nexvora/nexvora-wesbite/nexvora-website/.superpowers/brainstorm/46925-1775574416/content/report-layout.html"}
{"type":"screen-updated","file":"/Users/muratzhandaurov/Desktop/PRJOECTS/Nexvora/nexvora-wesbite/nexvora-website/.superpowers/brainstorm/46925-1775574416/content/report-layout.html"}
{"type":"screen-added","file":"/Users/muratzhandaurov/Desktop/PRJOECTS/Nexvora/nexvora-wesbite/nexvora-website/.superpowers/brainstorm/46925-1775574416/content/report-new-sections.html"}
{"type":"screen-updated","file":"/Users/muratzhandaurov/Desktop/PRJOECTS/Nexvora/nexvora-wesbite/nexvora-website/.superpowers/brainstorm/46925-1775574416/content/report-new-sections.html"}
{"type":"screen-updated","file":"/Users/muratzhandaurov/Desktop/PRJOECTS/Nexvora/nexvora-wesbite/nexvora-website/.superpowers/brainstorm/46925-1775574416/content/report-new-sections.html"}
{"type":"screen-updated","file":"/Users/muratzhandaurov/Desktop/PRJOECTS/Nexvora/nexvora-wesbite/nexvora-website/.superpowers/brainstorm/46925-1775574416/content/report-new-sections.html"}
{"type":"screen-added","file":"/Users/muratzhandaurov/Desktop/PRJOECTS/Nexvora/nexvora-wesbite/nexvora-website/.superpowers/brainstorm/46925-1775574416/content/spec-review.html"}
{"type":"screen-updated","file":"/Users/muratzhandaurov/Desktop/PRJOECTS/Nexvora/nexvora-wesbite/nexvora-website/.superpowers/brainstorm/46925-1775574416/content/spec-review.html"}
{"type":"screen-updated","file":"/Users/muratzhandaurov/Desktop/PRJOECTS/Nexvora/nexvora-wesbite/nexvora-website/.superpowers/brainstorm/46925-1775574416/content/spec-review.html"}
{"type":"screen-updated","file":"/Users/muratzhandaurov/Desktop/PRJOECTS/Nexvora/nexvora-wesbite/nexvora-website/.superpowers/brainstorm/46925-1775574416/content/spec-review.html"}
